This is pdfTeX, Version 3.1415926-1.40.10 (TeX Live 2009/Debian) (format=pdflatex 2011.10.17)  31 MAR 2012 15:02
entering extended mode
 %&-line parsing enabled.
**main.tex
(./main.tex
LaTeX2e <2009/09/24>
Babel <v3.8l> and hyphenation patterns for english, usenglishmax, dumylang, noh
yphenation, italian, loaded.
(./01premesse.jbt.tex
! Undefined control sequence.
l.1 \part
         {Documento Terzo}
? 
! Interruption.
<to be read again> 
                   {
l.1 \part{
          Documento Terzo}
? ^^[[A
Type <return> to proceed, S to scroll future error messages,
R to run without stopping, Q to run quietly,
I to insert something, E to edit your file,
H for help, X to quit.
? 
! Emergency stop.
<to be read again> 
                   {
l.1 \part{
          Documento Terzo}
End of file on the terminal!

 
Here is how much of TeX's memory you used:
 10 strings out of 495052
 187 string characters out of 1182205
 45120 words of memory out of 3000000
 3283 multiletter control sequences out of 15000+50000
 3640 words of font info for 14 fonts, out of 3000000 for 9000
 28 hyphenation exceptions out of 8191
 5i,0n,3p,60b,8s stack positions out of 5000i,500n,10000p,200000b,50000s
!  ==> Fatal error occurred, no output PDF file produced!
